Library/Bee/Android/Prj/Mono2x/Gradle/launcher/build/intermediates/manifest_merge_blame_file/release/manifest-merger-blame-release-report.txt
1<?xml version="1.0" encoding="utf-8"?>
2<manifest xmlns:android="http://schemas.android.com/apk/res/android"
3    package="com.UVRP3.VR_is_awesome"
4    android:installLocation="preferExternal"
5    android:versionCode="1"
6    android:versionName="0.1.0" >
7
8    <uses-sdk
9        android:minSdkVersion="23"
9-->src\main\AndroidManifest.xml
10        android:targetSdkVersion="32" />
10-->src\main\AndroidManifest.xml
11
12    <supports-screens
12-->src\main\AndroidManifest.xml:4:3-163
13        android:anyDensity="true"
13-->src\main\AndroidManifest.xml:4:135-160
14        android:largeScreens="true"
14-->src\main\AndroidManifest.xml:4:78-105
15        android:normalScreens="true"
15-->src\main\AndroidManifest.xml:4:49-77
16        android:smallScreens="true"
16-->src\main\AndroidManifest.xml:4:21-48
17        android:xlargeScreens="true" />
17-->src\main\AndroidManifest.xml:4:106-134
18
19    <supports-gl-texture android:name="GL_KHR_texture_compression_astc_ldr" />
19-->[:unityLibrary] AndroidManifest.xml:11:5-79
19-->[:unityLibrary] AndroidManifest.xml:11:26-76
20
21    <uses-permission android:name="android.permission.INTERNET" />
21-->[:unityLibrary] AndroidManifest.xml:13:5-67
21-->[:unityLibrary] AndroidManifest.xml:13:22-64
22
23    <uses-feature android:glEsVersion="0x00030000" />
23-->[:unityLibrary] AndroidManifest.xml:15:5-54
23-->[:unityLibrary] AndroidManifest.xml:15:19-51
24    <uses-feature
24-->[:unityLibrary] AndroidManifest.xml:16:5-18:36
25        android:name="android.hardware.vulkan.version"
25-->[:unityLibrary] AndroidManifest.xml:17:9-55
26        android:required="false" />
26-->[:unityLibrary] AndroidManifest.xml:18:9-33
27    <uses-feature
27-->[:unityLibrary] AndroidManifest.xml:19:5-21:36
28        android:name="android.hardware.sensor.accelerometer"
28-->[:unityLibrary] AndroidManifest.xml:20:9-61
29        android:required="false" />
29-->[:unityLibrary] AndroidManifest.xml:21:9-33
30    <uses-feature
30-->[:unityLibrary] AndroidManifest.xml:22:5-24:36
31        android:name="android.hardware.touchscreen"
31-->[:unityLibrary] AndroidManifest.xml:23:9-52
32        android:required="false" />
32-->[:unityLibrary] AndroidManifest.xml:24:9-33
33    <uses-feature
33-->[:unityLibrary] AndroidManifest.xml:25:5-27:36
34        android:name="android.hardware.touchscreen.multitouch"
34-->[:unityLibrary] AndroidManifest.xml:26:9-63
35        android:required="false" />
35-->[:unityLibrary] AndroidManifest.xml:27:9-33
36    <uses-feature
36-->[:unityLibrary] AndroidManifest.xml:28:5-30:36
37        android:name="android.hardware.touchscreen.multitouch.distinct"
37-->[:unityLibrary] AndroidManifest.xml:29:9-72
38        android:required="false" />
38-->[:unityLibrary] AndroidManifest.xml:30:9-33
39    <uses-feature
39-->[:unityLibrary] AndroidManifest.xml:31:5-34:31
40        android:name="android.hardware.vr.headtracking"
40-->[:unityLibrary] AndroidManifest.xml:32:9-56
41        android:required="true"
41-->[:unityLibrary] AndroidManifest.xml:33:9-32
42        android:version="1" />
42-->[:unityLibrary] AndroidManifest.xml:34:9-28
43
44    <application
44-->src\main\AndroidManifest.xml:3:3-83
45        android:extractNativeLibs="true"
45-->[:unityLibrary] AndroidManifest.xml:36:18-50
46        android:icon="@mipmap/app_icon"
46-->src\main\AndroidManifest.xml:3:49-80
47        android:label="@string/app_name" >
47-->src\main\AndroidManifest.xml:3:16-48
48        <meta-data
48-->[:unityLibrary] AndroidManifest.xml:37:9-39:33
49            android:name="unity.splash-mode"
49-->[:unityLibrary] AndroidManifest.xml:38:13-45
50            android:value="0" />
50-->[:unityLibrary] AndroidManifest.xml:39:13-30
51        <meta-data
51-->[:unityLibrary] AndroidManifest.xml:40:9-42:36
52            android:name="unity.splash-enable"
52-->[:unityLibrary] AndroidManifest.xml:41:13-47
53            android:value="True" />
53-->[:unityLibrary] AndroidManifest.xml:42:13-33
54        <meta-data
54-->[:unityLibrary] AndroidManifest.xml:43:9-45:36
55            android:name="unity.launch-fullscreen"
55-->[:unityLibrary] AndroidManifest.xml:44:13-51
56            android:value="True" />
56-->[:unityLibrary] AndroidManifest.xml:45:13-33
57        <meta-data
57-->[:unityLibrary] AndroidManifest.xml:46:9-48:37
58            android:name="unity.allow-resizable-window"
58-->[:unityLibrary] AndroidManifest.xml:47:13-56
59            android:value="False" />
59-->[:unityLibrary] AndroidManifest.xml:48:13-34
60        <meta-data
60-->[:unityLibrary] AndroidManifest.xml:49:9-51:50
61            android:name="notch.config"
61-->[:unityLibrary] AndroidManifest.xml:50:13-40
62            android:value="portrait|landscape" />
62-->[:unityLibrary] AndroidManifest.xml:51:13-47
63        <meta-data
63-->[:unityLibrary] AndroidManifest.xml:52:9-54:36
64            android:name="unity.auto-report-fully-drawn"
64-->[:unityLibrary] AndroidManifest.xml:53:13-57
65            android:value="true" />
65-->[:unityLibrary] AndroidManifest.xml:54:13-33
66
67        <activity
67-->[:unityLibrary] AndroidManifest.xml:56:9-82:20
68            android:name="com.unity3d.player.UnityPlayerActivity"
68-->[:unityLibrary] AndroidManifest.xml:57:13-66
69            android:configChanges="keyboard|keyboardHidden|navigation|orientation|screenLayout|screenSize|uiMode"
69-->[:unityLibrary] AndroidManifest.xml:58:13-114
70            android:exported="true"
70-->[:unityLibrary] AndroidManifest.xml:59:13-36
71            android:hardwareAccelerated="false"
71-->[:unityLibrary] AndroidManifest.xml:60:13-48
72            android:launchMode="singleTask"
72-->[:unityLibrary] AndroidManifest.xml:61:13-44
73            android:resizeableActivity="false"
73-->[:unityLibrary] AndroidManifest.xml:62:13-47
74            android:screenOrientation="landscape"
74-->[:unityLibrary] AndroidManifest.xml:63:13-50
75            android:theme="@android:style/Theme.Black.NoTitleBar.Fullscreen" >
75-->[:unityLibrary] AndroidManifest.xml:64:13-77
76            <intent-filter>
76-->[:unityLibrary] AndroidManifest.xml:65:13-71:29
77                <category android:name="android.intent.category.LAUNCHER" />
77-->[:unityLibrary] AndroidManifest.xml:66:17-77
77-->[:unityLibrary] AndroidManifest.xml:66:27-74
78
79                <action android:name="android.intent.action.MAIN" />
79-->[:unityLibrary] AndroidManifest.xml:68:17-69
79-->[:unityLibrary] AndroidManifest.xml:68:25-66
80
81                <category android:name="com.oculus.intent.category.VR" />
81-->[:unityLibrary] AndroidManifest.xml:70:17-74
81-->[:unityLibrary] AndroidManifest.xml:70:27-71
82            </intent-filter>
83
84            <meta-data
84-->[:unityLibrary] AndroidManifest.xml:73:13-75:40
85                android:name="unityplayer.UnityActivity"
85-->[:unityLibrary] AndroidManifest.xml:74:17-57
86                android:value="true" />
86-->[:unityLibrary] AndroidManifest.xml:75:17-37
87            <meta-data
87-->[:unityLibrary] AndroidManifest.xml:76:13-78:40
88                android:name="notch_support"
88-->[:unityLibrary] AndroidManifest.xml:77:17-45
89                android:value="true" />
89-->[:unityLibrary] AndroidManifest.xml:78:17-37
90            <meta-data
90-->[:unityLibrary] AndroidManifest.xml:79:13-81:40
91                android:name="com.oculus.vr.focusaware"
91-->[:unityLibrary] AndroidManifest.xml:80:17-56
92                android:value="true" />
92-->[:unityLibrary] AndroidManifest.xml:81:17-37
93        </activity>
94
95        <meta-data
95-->[:unityLibrary] AndroidManifest.xml:84:9-86:39
96            android:name="com.samsung.android.vr.application.mode"
96-->[:unityLibrary] AndroidManifest.xml:85:13-67
97            android:value="vr_only" />
97-->[:unityLibrary] AndroidManifest.xml:86:13-36
98        <meta-data
98-->[:unityLibrary] AndroidManifest.xml:87:9-89:37
99            android:name="com.unity.xr.oculus.LowOverheadMode"
99-->[:unityLibrary] AndroidManifest.xml:88:13-63
100            android:value="false" />
100-->[:unityLibrary] AndroidManifest.xml:89:13-34
101        <meta-data
101-->[:unityLibrary] AndroidManifest.xml:90:9-92:37
102            android:name="com.unity.xr.oculus.LateLatching"
102-->[:unityLibrary] AndroidManifest.xml:91:13-60
103            android:value="false" />
103-->[:unityLibrary] AndroidManifest.xml:92:13-34
104        <meta-data
104-->[:unityLibrary] AndroidManifest.xml:93:9-95:37
105            android:name="com.unity.xr.oculus.LateLatchingDebug"
105-->[:unityLibrary] AndroidManifest.xml:94:13-65
106            android:value="false" />
106-->[:unityLibrary] AndroidManifest.xml:95:13-34
107        <meta-data
107-->[:unityLibrary] AndroidManifest.xml:96:9-98:38
108            android:name="com.oculus.supportedDevices"
108-->[:unityLibrary] AndroidManifest.xml:97:13-55
109            android:value="quest2" />
109-->[:unityLibrary] AndroidManifest.xml:98:13-35
110    </application>
111
112</manifest>